<?xml version="1.0" encoding="UTF-8"?>
<!-- Generated by org.testng.reporters.JUnitReportReporter -->
<testsuite hostname="CTLT095" failures="0" tests="1" name="com.e2e.java.web.automator.testcases.FlightReservation" time="20.792" errors="0" timestamp="2020-12-16T10:41:46 IST" skipped="0">
  <testcase classname="com.e2e.java.web.automator.testcases.FlightReservation" name="openFlightBookingForm" time="20.792"/>
  <system-out/>
</testsuite> <!-- com.e2e.java.web.automator.testcases.FlightReservation -->
